{"E:\\nodejs\\Purchase Order Management System\\Purchase Order Management System\\PurchaserSystem\\app.js": {"path":"E:\\nodejs\\Purchase Order Management System\\Purchase Order Management System\\PurchaserSystem\\app.js","statementMap":{"0":{"start":{"line":1,"column":14},"end":{"line":1,"column":32}},"1":{"start":{"line":2,"column":15},"end":{"line":2,"column":34}},"2":{"start":{"line":3,"column":13},"end":{"line":3,"column":30}},"3":{"start":{"line":4,"column":13},"end":{"line":4,"column":31}},"4":{"start":{"line":5,"column":0},"end":{"line":5,"column":20}},"5":{"start":{"line":10,"column":10},"end":{"line":10,"column":19}},"6":{"start":{"line":12,"column":13},"end":{"line":12,"column":17}},"7":{"start":{"line":17,"column":21},"end":{"line":17,"column":62}},"8":{"start":{"line":23,"column":0},"end":{"line":23,"column":17}},"9":{"start":{"line":24,"column":0},"end":{"line":24,"column":43}},"10":{"start":{"line":26,"column":0},"end":{"line":26,"column":24}},"11":{"start":{"line":28,"column":0},"end":{"line":28,"column":42}},"12":{"start":{"line":30,"column":0},"end":{"line":30,"column":19}}},"fnMap":{},"branchMap":{},"s":{"0":1,"1":1,"2":1,"3":1,"4":1,"5":1,"6":1,"7":1,"8":1,"9":1,"10":1,"11":1,"12":1},"f":{},"b":{},"_coverageSchema":"1a1c01bbd47fc00a2c39e90264f33305004495a9","hash":"3c17fc2509c5f9332ae08a4248ac5e5cd5f3ee6f"}
,"E:\\nodejs\\Purchase Order Management System\\Purchase Order Management System\\PurchaserSystem\\src\\Config\\DbConfig.js": {"path":"E:\\nodejs\\Purchase Order Management System\\Purchase Order Management System\\PurchaserSystem\\src\\Config\\DbConfig.js","statementMap":{"0":{"start":{"line":4,"column":0},"end":{"line":12,"column":1}},"1":{"start":{"line":10,"column":8},"end":{"line":10,"column":101}}},"fnMap":{"0":{"name":"(anonymous_0)","decl":{"start":{"line":5,"column":20},"end":{"line":5,"column":21}},"loc":{"start":{"line":6,"column":4},"end":{"line":11,"column":5}},"line":6}},"branchMap":{},"s":{"0":1,"1":1},"f":{"0":1},"b":{},"_coverageSchema":"1a1c01bbd47fc00a2c39e90264f33305004495a9","hash":"3b8a360bde2d6a010b3bdc9e54581bdb5bec8c55"}
,"E:\\nodejs\\Purchase Order Management System\\Purchase Order Management System\\PurchaserSystem\\src\\Handler\\PurchaserHandler.js": {"path":"E:\\nodejs\\Purchase Order Management System\\Purchase Order Management System\\PurchaserSystem\\src\\Handler\\PurchaserHandler.js","statementMap":{"0":{"start":{"line":1,"column":14},"end":{"line":1,"column":32}},"1":{"start":{"line":2,"column":14},"end":{"line":2,"column":52}},"2":{"start":{"line":7,"column":13},"end":{"line":7,"column":29}},"3":{"start":{"line":17,"column":0},"end":{"line":17,"column":54}},"4":{"start":{"line":22,"column":0},"end":{"line":22,"column":55}},"5":{"start":{"line":27,"column":0},"end":{"line":27,"column":57}},"6":{"start":{"line":32,"column":0},"end":{"line":32,"column":61}},"7":{"start":{"line":38,"column":1},"end":{"line":38,"column":62}},"8":{"start":{"line":44,"column":0},"end":{"line":44,"column":65}},"9":{"start":{"line":49,"column":0},"end":{"line":49,"column":44}},"10":{"start":{"line":55,"column":0},"end":{"line":55,"column":22}}},"fnMap":{},"branchMap":{},"s":{"0":1,"1":1,"2":1,"3":1,"4":1,"5":1,"6":1,"7":1,"8":1,"9":1,"10":1},"f":{},"b":{},"_coverageSchema":"1a1c01bbd47fc00a2c39e90264f33305004495a9","hash":"673f2fb05ee9868a7829c5104ea922afc01ef08d"}
,"E:\\nodejs\\Purchase Order Management System\\Purchase Order Management System\\PurchaserSystem\\src\\Model\\PurchaserModel.js": {"path":"E:\\nodejs\\Purchase Order Management System\\Purchase Order Management System\\PurchaserSystem\\src\\Model\\PurchaserModel.js","statementMap":{"0":{"start":{"line":1,"column":15},"end":{"line":1,"column":34}},"1":{"start":{"line":2,"column":13},"end":{"line":2,"column":42}},"2":{"start":{"line":3,"column":13},"end":{"line":3,"column":30}},"3":{"start":{"line":4,"column":13},"end":{"line":4,"column":31}},"4":{"start":{"line":5,"column":0},"end":{"line":5,"column":20}},"5":{"start":{"line":10,"column":13},"end":{"line":45,"column":1}},"6":{"start":{"line":50,"column":10},"end":{"line":50,"column":34}},"7":{"start":{"line":52,"column":0},"end":{"line":57,"column":3}},"8":{"start":{"line":60,"column":0},"end":{"line":60,"column":54}},"9":{"start":{"line":63,"column":0},"end":{"line":63,"column":55}}},"fnMap":{},"branchMap":{},"s":{"0":1,"1":1,"2":1,"3":1,"4":1,"5":1,"6":1,"7":1,"8":1,"9":1},"f":{},"b":{},"_coverageSchema":"1a1c01bbd47fc00a2c39e90264f33305004495a9","hash":"c7e642bda1f3f8735736b4de3b2cfb7926fdc7f6"}
,"E:\\nodejs\\Purchase Order Management System\\Purchase Order Management System\\PurchaserSystem\\src\\Service\\PurchaserService.js": {"path":"E:\\nodejs\\Purchase Order Management System\\Purchase Order Management System\\PurchaserSystem\\src\\Service\\PurchaserService.js","statementMap":{"0":{"start":{"line":1,"column":14},"end":{"line":1,"column":48}},"1":{"start":{"line":2,"column":13},"end":{"line":2,"column":30}},"2":{"start":{"line":3,"column":13},"end":{"line":3,"column":31}},"3":{"start":{"line":4,"column":0},"end":{"line":4,"column":20}},"4":{"start":{"line":13,"column":0},"end":{"line":29,"column":1}},"5":{"start":{"line":14,"column":4},"end":{"line":28,"column":5}},"6":{"start":{"line":15,"column":19},"end":{"line":15,"column":39}},"7":{"start":{"line":16,"column":8},"end":{"line":23,"column":9}},"8":{"start":{"line":17,"column":12},"end":{"line":17,"column":51}},"9":{"start":{"line":18,"column":12},"end":{"line":18,"column":42}},"10":{"start":{"line":21,"column":8},"end":{"line":21,"column":23}},"11":{"start":{"line":22,"column":8},"end":{"line":22,"column":73}},"12":{"start":{"line":27,"column":8},"end":{"line":27,"column":18}},"13":{"start":{"line":39,"column":0},"end":{"line":71,"column":1}},"14":{"start":{"line":44,"column":23},"end":{"line":53,"column":6}},"15":{"start":{"line":55,"column":4},"end":{"line":70,"column":5}},"16":{"start":{"line":57,"column":32},"end":{"line":57,"column":66}},"17":{"start":{"line":58,"column":12},"end":{"line":60,"column":84}},"18":{"start":{"line":61,"column":12},"end":{"line":61,"column":83}},"19":{"start":{"line":65,"column":8},"end":{"line":65,"column":76}},"20":{"start":{"line":66,"column":8},"end":{"line":66,"column":18}},"21":{"start":{"line":67,"column":8},"end":{"line":69,"column":60}},"22":{"start":{"line":81,"column":0},"end":{"line":100,"column":1}},"23":{"start":{"line":82,"column":4},"end":{"line":99,"column":5}},"24":{"start":{"line":83,"column":17},"end":{"line":83,"column":54}},"25":{"start":{"line":85,"column":8},"end":{"line":92,"column":9}},"26":{"start":{"line":86,"column":8},"end":{"line":86,"column":75}},"27":{"start":{"line":87,"column":8},"end":{"line":87,"column":63}},"28":{"start":{"line":90,"column":8},"end":{"line":90,"column":23}},"29":{"start":{"line":91,"column":8},"end":{"line":91,"column":70}},"30":{"start":{"line":96,"column":8},"end":{"line":96,"column":24}},"31":{"start":{"line":97,"column":8},"end":{"line":97,"column":18}},"32":{"start":{"line":109,"column":0},"end":{"line":127,"column":1}},"33":{"start":{"line":110,"column":4},"end":{"line":126,"column":5}},"34":{"start":{"line":111,"column":19},"end":{"line":111,"column":75}},"35":{"start":{"line":113,"column":8},"end":{"line":121,"column":9}},"36":{"start":{"line":114,"column":12},"end":{"line":114,"column":62}},"37":{"start":{"line":115,"column":12},"end":{"line":115,"column":53}},"38":{"start":{"line":119,"column":12},"end":{"line":119,"column":27}},"39":{"start":{"line":120,"column":12},"end":{"line":120,"column":80}},"40":{"start":{"line":125,"column":8},"end":{"line":125,"column":18}},"41":{"start":{"line":138,"column":1},"end":{"line":156,"column":1}},"42":{"start":{"line":139,"column":4},"end":{"line":155,"column":5}},"43":{"start":{"line":140,"column":19},"end":{"line":140,"column":75}},"44":{"start":{"line":142,"column":8},"end":{"line":150,"column":9}},"45":{"start":{"line":143,"column":12},"end":{"line":143,"column":62}},"46":{"start":{"line":144,"column":12},"end":{"line":144,"column":53}},"47":{"start":{"line":148,"column":8},"end":{"line":148,"column":23}},"48":{"start":{"line":149,"column":8},"end":{"line":149,"column":76}},"49":{"start":{"line":154,"column":8},"end":{"line":154,"column":18}},"50":{"start":{"line":166,"column":0},"end":{"line":186,"column":1}},"51":{"start":{"line":168,"column":4},"end":{"line":185,"column":6}},"52":{"start":{"line":169,"column":20},"end":{"line":169,"column":86}},"53":{"start":{"line":170,"column":9},"end":{"line":179,"column":5}},"54":{"start":{"line":171,"column":13},"end":{"line":171,"column":91}},"55":{"start":{"line":172,"column":13},"end":{"line":172,"column":82}},"56":{"start":{"line":177,"column":8},"end":{"line":177,"column":23}},"57":{"start":{"line":178,"column":8},"end":{"line":178,"column":79}},"58":{"start":{"line":182,"column":8},"end":{"line":182,"column":27}},"59":{"start":{"line":183,"column":9},"end":{"line":183,"column":19}},"60":{"start":{"line":196,"column":0},"end":{"line":217,"column":1}},"61":{"start":{"line":198,"column":4},"end":{"line":216,"column":6}},"62":{"start":{"line":200,"column":20},"end":{"line":200,"column":66}},"63":{"start":{"line":201,"column":9},"end":{"line":211,"column":13}},"64":{"start":{"line":202,"column":12},"end":{"line":202,"column":54}},"65":{"start":{"line":203,"column":12},"end":{"line":203,"column":45}},"66":{"start":{"line":207,"column":12},"end":{"line":209,"column":78}},"67":{"start":{"line":210,"column":11},"end":{"line":210,"column":74}},"68":{"start":{"line":215,"column":9},"end":{"line":215,"column":19}}},"fnMap":{"0":{"name":"(anonymous_0)","decl":{"start":{"line":13,"column":29},"end":{"line":13,"column":30}},"loc":{"start":{"line":13,"column":58},"end":{"line":29,"column":1}},"line":13},"1":{"name":"(anonymous_1)","decl":{"start":{"line":39,"column":29},"end":{"line":39,"column":30}},"loc":{"start":{"line":39,"column":57},"end":{"line":71,"column":1}},"line":39},"2":{"name":"(anonymous_2)","decl":{"start":{"line":81,"column":23},"end":{"line":81,"column":24}},"loc":{"start":{"line":81,"column":51},"end":{"line":100,"column":1}},"line":81},"3":{"name":"(anonymous_3)","decl":{"start":{"line":109,"column":28},"end":{"line":109,"column":29}},"loc":{"start":{"line":109,"column":57},"end":{"line":127,"column":1}},"line":109},"4":{"name":"(anonymous_4)","decl":{"start":{"line":138,"column":29},"end":{"line":138,"column":30}},"loc":{"start":{"line":138,"column":58},"end":{"line":156,"column":1}},"line":138},"5":{"name":"(anonymous_5)","decl":{"start":{"line":166,"column":28},"end":{"line":166,"column":29}},"loc":{"start":{"line":166,"column":57},"end":{"line":186,"column":1}},"line":166},"6":{"name":"(anonymous_6)","decl":{"start":{"line":196,"column":15},"end":{"line":196,"column":16}},"loc":{"start":{"line":196,"column":43},"end":{"line":217,"column":1}},"line":196}},"branchMap":{"0":{"loc":{"start":{"line":16,"column":8},"end":{"line":23,"column":9}},"type":"if","locations":[{"start":{"line":16,"column":8},"end":{"line":23,"column":9}},{"start":{"line":16,"column":8},"end":{"line":23,"column":9}}],"line":16},"1":{"loc":{"start":{"line":85,"column":8},"end":{"line":92,"column":9}},"type":"if","locations":[{"start":{"line":85,"column":8},"end":{"line":92,"column":9}},{"start":{"line":85,"column":8},"end":{"line":92,"column":9}}],"line":85},"2":{"loc":{"start":{"line":113,"column":8},"end":{"line":121,"column":9}},"type":"if","locations":[{"start":{"line":113,"column":8},"end":{"line":121,"column":9}},{"start":{"line":113,"column":8},"end":{"line":121,"column":9}}],"line":113},"3":{"loc":{"start":{"line":142,"column":8},"end":{"line":150,"column":9}},"type":"if","locations":[{"start":{"line":142,"column":8},"end":{"line":150,"column":9}},{"start":{"line":142,"column":8},"end":{"line":150,"column":9}}],"line":142},"4":{"loc":{"start":{"line":170,"column":9},"end":{"line":179,"column":5}},"type":"if","locations":[{"start":{"line":170,"column":9},"end":{"line":179,"column":5}},{"start":{"line":170,"column":9},"end":{"line":179,"column":5}}],"line":170},"5":{"loc":{"start":{"line":201,"column":9},"end":{"line":211,"column":13}},"type":"if","locations":[{"start":{"line":201,"column":9},"end":{"line":211,"column":13}},{"start":{"line":201,"column":9},"end":{"line":211,"column":13}}],"line":201}},"s":{"0":1,"1":1,"2":1,"3":1,"4":1,"5":4,"6":4,"7":3,"8":2,"9":2,"10":1,"11":1,"12":1,"13":1,"14":3,"15":3,"16":3,"17":2,"18":2,"19":1,"20":1,"21":1,"22":1,"23":4,"24":4,"25":3,"26":2,"27":2,"28":1,"29":1,"30":1,"31":1,"32":1,"33":4,"34":4,"35":2,"36":1,"37":1,"38":1,"39":1,"40":2,"41":1,"42":4,"43":4,"44":2,"45":1,"46":1,"47":1,"48":1,"49":2,"50":1,"51":4,"52":4,"53":3,"54":2,"55":2,"56":1,"57":1,"58":1,"59":1,"60":1,"61":4,"62":4,"63":3,"64":2,"65":2,"66":1,"67":1,"68":1},"f":{"0":4,"1":3,"2":4,"3":4,"4":4,"5":4,"6":4},"b":{"0":[2,1],"1":[2,1],"2":[1,1],"3":[1,1],"4":[2,1],"5":[2,1]},"_coverageSchema":"1a1c01bbd47fc00a2c39e90264f33305004495a9","hash":"2958940c4d4c6d6c7a22a9084e9fe16df38c51b5"}
}
