TN:
SF:app.js
FNF:0
FNH:0
DA:1,1
DA:2,1
DA:3,1
DA:4,1
DA:5,1
DA:10,1
DA:12,1
DA:17,1
DA:23,1
DA:24,1
DA:26,1
DA:28,1
DA:30,1
LF:13
LH:13
BRF:0
BRH:0
end_of_record
TN:
SF:src\Config\DbConfig.js
FN:5,(anonymous_0)
FNF:1
FNH:1
FNDA:1,(anonymous_0)
DA:4,1
DA:10,1
LF:2
LH:2
BRF:0
BRH:0
end_of_record
TN:
SF:src\Handler\PurchaserHandler.js
FNF:0
FNH:0
DA:1,1
DA:2,1
DA:7,1
DA:17,1
DA:22,1
DA:27,1
DA:32,1
DA:38,1
DA:44,1
DA:49,1
DA:55,1
LF:11
LH:11
BRF:0
BRH:0
end_of_record
TN:
SF:src\Model\PurchaserModel.js
FNF:0
FNH:0
DA:1,1
DA:2,1
DA:3,1
DA:4,1
DA:5,1
DA:10,1
DA:50,1
DA:52,1
DA:60,1
DA:63,1
LF:10
LH:10
BRF:0
BRH:0
end_of_record
TN:
SF:src\Service\PurchaserService.js
FN:13,(anonymous_0)
FN:39,(anonymous_1)
FN:81,(anonymous_2)
FN:109,(anonymous_3)
FN:138,(anonymous_4)
FN:166,(anonymous_5)
FN:196,(anonymous_6)
FNF:7
FNH:7
FNDA:4,(anonymous_0)
FNDA:3,(anonymous_1)
FNDA:4,(anonymous_2)
FNDA:4,(anonymous_3)
FNDA:4,(anonymous_4)
FNDA:4,(anonymous_5)
FNDA:4,(anonymous_6)
DA:1,1
DA:2,1
DA:3,1
DA:4,1
DA:13,1
DA:14,4
DA:15,4
DA:16,3
DA:17,2
DA:18,2
DA:21,1
DA:22,1
DA:27,1
DA:39,1
DA:44,3
DA:55,3
DA:57,3
DA:58,2
DA:61,2
DA:65,1
DA:66,1
DA:67,1
DA:81,1
DA:82,4
DA:83,4
DA:85,3
DA:86,2
DA:87,2
DA:90,1
DA:91,1
DA:96,1
DA:97,1
DA:109,1
DA:110,4
DA:111,4
DA:113,2
DA:114,1
DA:115,1
DA:119,1
DA:120,1
DA:125,2
DA:138,1
DA:139,4
DA:140,4
DA:142,2
DA:143,1
DA:144,1
DA:148,1
DA:149,1
DA:154,2
DA:166,1
DA:168,4
DA:169,4
DA:170,3
DA:171,2
DA:172,2
DA:177,1
DA:178,1
DA:182,1
DA:183,1
DA:196,1
DA:198,4
DA:200,4
DA:201,3
DA:202,2
DA:203,2
DA:207,1
DA:210,1
DA:215,1
LF:69
LH:69
BRDA:16,0,0,2
BRDA:16,0,1,1
BRDA:85,1,0,2
BRDA:85,1,1,1
BRDA:113,2,0,1
BRDA:113,2,1,1
BRDA:142,3,0,1
BRDA:142,3,1,1
BRDA:170,4,0,2
BRDA:170,4,1,1
BRDA:201,5,0,2
BRDA:201,5,1,1
BRF:12
BRH:12
end_of_record
